TN:
SF:src/repository/mockRepository.repository.ts
FN:5,create
FN:12,update
FN:15,delete
FN:18,findAll
FN:21,find
FNF:5
FNH:2
FNDA:1,create
FNDA:1,update
FNDA:0,delete
FNDA:0,findAll
FNDA:0,find
DA:1,1
DA:2,1
DA:3,1
DA:4,1
DA:5,1
DA:6,1
DA:7,1
DA:8,1
DA:9,1
DA:10,1
DA:11,1
DA:12,1
DA:13,1
DA:14,1
DA:15,1
DA:16,0
DA:17,0
DA:18,1
DA:19,0
DA:20,0
DA:21,1
DA:22,0
DA:23,0
DA:24,1
DA:25,1
LF:25
LH:19
BRDA:5,0,0,1
BRDA:12,1,0,1
BRF:2
BRH:2
end_of_record
TN:
SF:src/services/catalog.service.ts
FN:7,CatalogService
FN:10,createProduct
FN:17,updateProduct
FN:20,getProduct
FN:21,getAllProduct
FN:22,deleteProduct
FNF:6
FNH:3
FNDA:5,CatalogService
FNDA:4,createProduct
FNDA:1,updateProduct
FNDA:0,getProduct
FNDA:0,getAllProduct
FNDA:0,deleteProduct
DA:1,1
DA:2,1
DA:3,1
DA:4,1
DA:5,1
DA:6,1
DA:7,1
DA:8,5
DA:9,5
DA:10,1
DA:11,4
DA:12,4
DA:13,1
DA:14,1
DA:15,1
DA:16,1
DA:17,1
DA:18,1
DA:19,1
DA:20,1
DA:21,1
DA:22,1
DA:23,1
LF:23
LH:23
BRDA:7,0,0,5
BRDA:10,1,0,4
BRDA:12,2,0,2
BRDA:12,3,0,1
BRDA:17,4,0,1
BRF:5
BRH:5
end_of_record
