TN:
SF:src/repository/mockRepository.repository.ts
FN:5,create
FN:12,update
FN:15,delete
FN:18,findAll
FN:21,find
FNF:5
FNH:1
FNDA:2,create
FNDA:0,update
FNDA:0,delete
FNDA:0,findAll
FNDA:0,find
DA:1,1
DA:2,1
DA:3,1
DA:4,1
DA:5,1
DA:6,2
DA:7,2
DA:8,2
DA:9,2
DA:10,2
DA:11,2
DA:12,1
DA:13,0
DA:14,0
DA:15,1
DA:16,0
DA:17,0
DA:18,1
DA:19,0
DA:20,0
DA:21,1
DA:22,0
DA:23,0
DA:24,1
DA:25,1
LF:25
LH:17
BRDA:5,0,0,2
BRF:1
BRH:1
end_of_record
TN:
SF:src/services/catalog.service.ts
FN:7,CatalogService
FN:10,createProduct
FN:17,updateProduct
FN:18,getProduct
FN:19,getAllProduct
FN:20,deleteProduct
FNF:6
FNH:2
FNDA:2,CatalogService
FNDA:3,createProduct
FNDA:0,updateProduct
FNDA:0,getProduct
FNDA:0,getAllProduct
FNDA:0,deleteProduct
DA:1,1
DA:2,1
DA:3,1
DA:4,1
DA:5,1
DA:6,1
DA:7,1
DA:8,2
DA:9,2
DA:10,1
DA:11,3
DA:12,3
DA:13,1
DA:14,1
DA:15,2
DA:16,2
DA:17,1
DA:18,1
DA:19,1
DA:20,1
DA:21,1
LF:21
LH:21
BRDA:7,0,0,2
BRDA:10,1,0,3
BRDA:12,2,0,1
BRDA:15,3,0,2
BRF:4
BRH:4
end_of_record
